<?xml version="1.0" encoding="UTF-8"?>
<testng-results skipped="0" failed="0" ignored="0" total="1" passed="1">
  <reporter-output>
  </reporter-output>
  <suite name="Default suite" duration-ms="3793" started-at="2018-12-02T07:09:58Z" finished-at="2018-12-02T07:10:01Z">
    <groups>
    </groups>
    <test name="Default test" duration-ms="3793" started-at="2018-12-02T07:09:58Z" finished-at="2018-12-02T07:10:01Z">
      <class name="com.qa.rest.tests.GetWeatherInfoWithQueryParams">
        <test-method status="PASS" signature="getWeatherInfoWithOneQueryParam()[pri:0, instance:com.qa.rest.tests.GetWeatherInfoWithQueryParams@3a82f6ef]" name="getWeatherInfoWithOneQueryParam" duration-ms="3760" started-at="2018-12-02T12:39:58Z" finished-at="2018-12-02T12:40:01Z">
          <reporter-output>
          </reporter-output>
        </test-method> <!-- getWeatherInfoWithOneQueryParam -->
      </class> <!-- com.qa.rest.tests.GetWeatherInfoWithQueryParams -->
    </test> <!-- Default test -->
  </suite> <!-- Default suite -->
</testng-results>
